<?xml version="1.0" encoding="UTF-8"?>
<!-- Generated by org.testng.reporters.JUnitReportReporter -->
<testsuite skipped="0" hostname="Ramu-PV" name="in.plumbers.SelectLocAndAssignTask" tests="1" failures="0" timestamp="06 Jun 2022 02:28:54 GMT" time="12.124" errors="0">
  <testcase name="selectLocAndAssign" time="12.124" classname="in.plumbers.SelectLocAndAssignTask"/>
</testsuite> <!-- in.plumbers.SelectLocAndAssignTask -->
